<?xml version="1.0" encoding="UTF-8"?>
<!-- Generated by org.testng.reporters.JUnitReportReporter -->
<testsuite hostname="LIN76001689" failures="0" tests="1" name="com.appiumtesting.mobilebrowsertesting.BrowserTest" time="25.512" errors="0" timestamp="2024-04-11T11:04:04 IST" skipped="0">
  <testcase classname="com.appiumtesting.mobilebrowsertesting.BrowserTest" name="mobileBrowserTest" time="25.512"/>
  <system-out/>
</testsuite> <!-- com.appiumtesting.mobilebrowsertesting.BrowserTest -->
