<?xml version="1.0" encoding="UTF-8"?>
<!-- Generated by org.testng.reporters.JUnitReportReporter -->
<testsuite hostname="LIN76001689" failures="0" tests="1" name="com.appiumtesting.ecommerse.ContextHandles" time="66.688" errors="0" timestamp="2024-04-10T11:08:06 IST" skipped="0">
  <testcase classname="com.appiumtesting.ecommerse.ContextHandles" name="contextHandlesDemo" time="66.688"/>
  <system-out/>
</testsuite> <!-- com.appiumtesting.ecommerse.ContextHandles -->
