<?xml version="1.0" encoding="UTF-8"?>
<!-- Generated by org.testng.reporters.JUnitReportReporter -->
<testsuite hostname="LIN76001689" failures="0" tests="2" name="com.appiumtesting.ecommerse.FillForm" time="53.797" errors="0" timestamp="2024-04-08T19:16:36 IST" skipped="0">
  <testcase classname="com.appiumtesting.ecommerse.FillForm" name="loginForm" time="46.382"/>
  <system-out/>
  <testcase classname="com.appiumtesting.ecommerse.FillForm" name="errorPopUp" time="7.415"/>
  <system-out/>
</testsuite> <!-- com.appiumtesting.ecommerse.FillForm -->
