<?xml version="1.0" encoding="UTF-8"?>
<!-- Generated by org.testng.reporters.JUnitReportReporter -->
<testsuite hostname="LIN76001689" failures="0" tests="1" name="com.appiumtesting.ecommerse.PurchaseProduct" time="59.158" errors="0" timestamp="2024-04-09T19:28:07 IST" skipped="0">
  <testcase classname="com.appiumtesting.ecommerse.PurchaseProduct" name="purchas" time="59.158"/>
  <system-out/>
</testsuite> <!-- com.appiumtesting.ecommerse.PurchaseProduct -->
