<?xml version="1.0" encoding="UTF-8"?>
<!-- Generated by org.testng.reporters.JUnitReportReporter -->
<testsuite hostname="LIN76001689" failures="0" tests="1" name="com.appiumtesting.Appium.LongPress" time="10.241" errors="0" timestamp="2024-04-10T09:52:27 IST" skipped="0">
  <testcase classname="com.appiumtesting.Appium.LongPress" name="longPress" time="10.241"/>
  <system-out/>
</testsuite> <!-- com.appiumtesting.Appium.LongPress -->
