<?xml version="1.0" encoding="UTF-8"?>
<!-- Generated by org.testng.reporters.JUnitReportReporter -->
<testsuite hostname="LIN76001689" failures="0" tests="1" name="com.appiumtesting.Appium.AppPackageAndActivity" time="2.447" errors="0" timestamp="2024-04-10T09:49:01 IST" skipped="0">
  <testcase classname="com.appiumtesting.Appium.AppPackageAndActivity" name="appPackageAndActivityDemo" time="2.447"/>
  <system-out/>
</testsuite> <!-- com.appiumtesting.Appium.AppPackageAndActivity -->
