<?xml version="1.0" encoding="UTF-8"?>
<!-- Generated by org.testng.reporters.JUnitReportReporter -->
<testsuite hostname="LIN76001689" failures="0" tests="1" name="com.appiumtesting.Appium.Orientation" time="12.419" errors="0" timestamp="2024-04-10T09:55:30 IST" skipped="0">
  <testcase classname="com.appiumtesting.Appium.Orientation" name="orientationDemo" time="12.419"/>
  <system-out/>
</testsuite> <!-- com.appiumtesting.Appium.Orientation -->
