<?xml version="1.0" encoding="UTF-8"?>
<!-- Generated by org.testng.reporters.JUnitReportReporter -->
<testsuite hostname="LIN76001689" failures="0" tests="1" name="com.appiumtesting.ecommerse.ValidateTotalPriceInCart" time="55.205" errors="0" timestamp="2024-04-09T15:39:19 IST" skipped="0">
  <testcase classname="com.appiumtesting.ecommerse.ValidateTotalPriceInCart" name="totalPrice" time="55.205"/>
  <system-out/>
</testsuite> <!-- com.appiumtesting.ecommerse.ValidateTotalPriceInCart -->
