<?xml version="1.0" encoding="UTF-8"?>
<!-- Generated by org.testng.reporters.JUnitReportReporter -->
<testsuite hostname="LIN76001689" failures="0" tests="1" name="com.appiumtesting.Appium.Swipe" time="6.959" errors="0" timestamp="2024-04-07T13:59:49 IST" skipped="0">
  <testcase classname="com.appiumtesting.Appium.Swipe" name="swipeDemo" time="6.959"/>
  <system-out/>
</testsuite> <!-- com.appiumtesting.Appium.Swipe -->
