<?xml version="1.0" encoding="UTF-8"?>
<!-- Generated by org.testng.reporters.JUnitReportReporter -->
<testsuite hostname="LIN76001689" failures="0" tests="1" name="com.appiumtesting.Appium.Clipboard" time="9.836" errors="0" timestamp="2024-04-10T09:50:11 IST" skipped="0">
  <testcase classname="com.appiumtesting.Appium.Clipboard" name="clipboadrDemo" time="9.836"/>
  <system-out/>
</testsuite> <!-- com.appiumtesting.Appium.Clipboard -->
