<?xml version="1.0" encoding="UTF-8"?>
<!-- Generated by org.testng.reporters.JUnitReportReporter -->
<testsuite hostname="LIN76001689" failures="0" tests="1" name="com.appiumtesting.Appium.MobileKeyEvents" time="9.328" errors="0" timestamp="2024-04-10T09:53:40 IST" skipped="0">
  <testcase classname="com.appiumtesting.Appium.MobileKeyEvents" name="MobileKeyEventsDemo" time="9.328"/>
  <system-out/>
</testsuite> <!-- com.appiumtesting.Appium.MobileKeyEvents -->
