<?xml version="1.0" encoding="UTF-8"?>
<!-- Generated by org.testng.reporters.JUnitReportReporter -->
<testsuite hostname="LIN76001689" failures="0" tests="1" name="com.appiumtesting.ecommerse.Login" time="4.029" errors="0" timestamp="2024-04-08T11:18:05 IST" skipped="0">
  <testcase classname="com.appiumtesting.ecommerse.Login" name="logindemo" time="4.029"/>
  <system-out/>
</testsuite> <!-- com.appiumtesting.ecommerse.Login -->
