<?xml version="1.0" encoding="UTF-8"?>
<!-- Generated by org.testng.reporters.JUnitReportReporter -->
<testsuite hostname="LIN76001689" failures="0" tests="1" name="com.appiumtesting.ecommerse.AddToCart" time="61.464" errors="0" timestamp="2024-04-09T11:10:42 IST" skipped="0">
  <testcase classname="com.appiumtesting.ecommerse.AddToCart" name="addProductToCart" time="61.464"/>
  <system-out/>
</testsuite> <!-- com.appiumtesting.ecommerse.AddToCart -->
